This is pdfeTeX, Version 3.141592-1.30.4-2.2 (Web2C 7.5.5) (format=pdflatex 2006.3.14)  9 APR 2007 10:29
entering extended mode
\write18 enabled.
**PseudoXCpt.tex
(./PseudoXCpt.tex
LaTeX2e <2003/12/01>
Babel <v3.8d> and hyphenation patterns for american, french, german, ngerman, d
utch, italian, norsk, portuges, spanish, swedish, nohyphenation, loaded.
(/usr/local/teTeX/share/texmf.tetex/tex/latex/base/article.cls
Document Class: article 2004/02/16 v1.4f Standard LaTeX document class
(/usr/local/teTeX/share/texmf.tetex/tex/latex/base/size10.clo
File: size10.clo 2004/02/16 v1.4f Standard LaTeX file (size option)
)
\c@part=\count79
\c@section=\count80
\c@subsection=\count81
\c@subsubsection=\count82
\c@paragraph=\count83
\c@subparagraph=\count84
\c@figure=\count85
\c@table=\count86
\abovecaptionskip=\skip41
\belowcaptionskip=\skip42
\bibindent=\dimen102
)
(./PseudoXCpt.aux)
\openout1 = `PseudoXCpt.aux'.

LaTeX Font Info:    Checking defaults for OML/cmm/m/it on input line 2.
LaTeX Font Info:    ... okay on input line 2.
LaTeX Font Info:    Checking defaults for T1/cmr/m/n on input line 2.
LaTeX Font Info:    ... okay on input line 2.
LaTeX Font Info:    Checking defaults for OT1/cmr/m/n on input line 2.
LaTeX Font Info:    ... okay on input line 2.
LaTeX Font Info:    Checking defaults for OMS/cmsy/m/n on input line 2.
LaTeX Font Info:    ... okay on input line 2.
LaTeX Font Info:    Checking defaults for OMX/cmex/m/n on input line 2.
LaTeX Font Info:    ... okay on input line 2.
LaTeX Font Info:    Checking defaults for U/cmr/m/n on input line 2.
LaTeX Font Info:    ... okay on input line 2.
LaTeX Font Info:    External font `cmex10' loaded for size
(Font)              <7> on input line 4.
LaTeX Font Info:    External font `cmex10' loaded for size
(Font)              <5> on input line 4.

Underfull \hbox (badness 10000) in paragraph at lines 24--25

 []


Underfull \hbox (badness 10000) in paragraph at lines 28--29

 []


Underfull \hbox (badness 10000) in paragraph at lines 34--37

 []

[1

{/usr/local/teTeX/share/texmf.local/fonts/map/pdftex/updmap/pdftex.map}]
(./PseudoXCpt.aux) ) 
Here is how much of TeX's memory you used:
 207 strings out of 95137
 2261 string characters out of 1183013
 2046022 words of memory out of 4500857
 3438 multiletter control sequences out of 10000+50000
 4301 words of font info for 16 fonts, out of 2000000 for 2000
 58 hyphenation exceptions out of 5000
 23i,8n,17p,403b,107s stack positions out of 5000i,500n,6000p,200000b,40000s
PDF statistics:
 31 PDF objects out of 300000
 0 named destinations out of 131072
 1 words of extra memory for PDF output out of 10000
</usr/local/teTeX/share/texmf.tetex/fonts/type1/bluesky/cm/
cmr5.pfb></usr/local/teTeX/share/texmf.tetex/fonts/type1/bluesky/cm/cmex10.pfb>
</usr/local/teTeX/share/texmf.tetex/fonts/type1/bluesky/cm/cmsl10.pfb></usr/loc
al/teTeX/share/texmf.tetex/fonts/type1/bluesky/cm/cmmi7.pfb></usr/local/teTeX/s
hare/texmf.tetex/fonts/type1/bluesky/cm/cmr7.pfb></usr/local/teTeX/share/texmf.
tetex/fonts/type1/bluesky/cm/cmsy10.pfb></usr/local/teTeX/share/texmf.tetex/fon
ts/type1/bluesky/cm/cmmi10.pfb></usr/local/teTeX/share/texmf.tetex/fonts/type1/
bluesky/cm/cmr10.pfb></usr/local/teTeX/share/texmf.tetex/fonts/type1/bluesky/cm
/cmbx10.pfb>
Output written on PseudoXCpt.pdf (1 page, 44629 bytes).
