This is pdfeTeX, Version 3.141592-1.30.6-2.2 (MiKTeX 2.5) (preloaded format=latex 2006.10.7)  10 APR 2007 21:29
entering extended mode
**pseudocptXtau.tex
(pseudocptXtau.tex
LaTeX2e <2005/12/01>
Babel <v3.8g> and hyphenation patterns for english, dumylang, nohyphenation, ge
rman, ngerman, french, loaded.
("C:\Program Files\MiKTeX 2.5\tex\latex\base\article.cls"
Document Class: article 2005/09/16 v1.4f Standard LaTeX document class
("C:\Program Files\MiKTeX 2.5\tex\latex\base\size10.clo"
File: size10.clo 2005/09/16 v1.4f Standard LaTeX file (size option)
)
\c@part=\count79
\c@section=\count80
\c@subsection=\count81
\c@subsubsection=\count82
\c@paragraph=\count83
\c@subparagraph=\count84
\c@figure=\count85
\c@table=\count86
\abovecaptionskip=\skip41
\belowcaptionskip=\skip42
\bibindent=\dimen102
) (pseudocptXtau.aux)
LaTeX Font Info:    Checking defaults for OML/cmm/m/it on input line 2.
LaTeX Font Info:    ... okay on input line 2.
LaTeX Font Info:    Checking defaults for T1/cmr/m/n on input line 2.
LaTeX Font Info:    ... okay on input line 2.
LaTeX Font Info:    Checking defaults for OT1/cmr/m/n on input line 2.
LaTeX Font Info:    ... okay on input line 2.
LaTeX Font Info:    Checking defaults for OMS/cmsy/m/n on input line 2.
LaTeX Font Info:    ... okay on input line 2.
LaTeX Font Info:    Checking defaults for OMX/cmex/m/n on input line 2.
LaTeX Font Info:    ... okay on input line 2.
LaTeX Font Info:    Checking defaults for U/cmr/m/n on input line 2.
LaTeX Font Info:    ... okay on input line 2.
LaTeX Font Info:    External font `cmex10' loaded for size
(Font)              <7> on input line 3.
LaTeX Font Info:    External font `cmex10' loaded for size
(Font)              <5> on input line 3.

Underfull \hbox (badness 10000) in paragraph at lines 3--4

 []


Underfull \hbox (badness 10000) in paragraph at lines 8--9

 []


Overfull \hbox (20.77771pt too wide) in paragraph at lines 10--12
\OT1/cmr/m/n/10 [\OML/cmm/m/it/10 []; \OT1/cmr/m/n/10 )$. As $\OML/cmm/m/it/1
0 cf\OT1/cmr/m/n/10 (\OML/cmm/m/it/10 \OT1/cmr/m/n/10 ) \OML/cmm/m/it/10 > \OM
S/cmsy/m/n/10 j\OML/cmm/m/it/10 X\OMS/cmsy/m/n/10 j\OML/cmm/m/it/10 ;$ \OT1/cmr
/m/n/10 there ex-ists $\OML/cmm/m/it/10  \OT1/cmr/m/n/10 = \OML/cmm/m/it/10 su
p[]\OMS/cmsy/m/n/10 f\OML/cmm/m/it/10 [] \OT1/cmr/m/n/10 : \OML/cmm/m/it/10 x 
\OMS/cmsy/m/n/10 2 \OML/cmm/m/it/10 X\OMS/cmsy/m/n/10 g\OML/cmm/m/it/10 :$ \OT1
/cmr/m/n/10 Now, $\OML/cmm/m/it/10 f []$
 []


Overfull \hbox (20.10992pt too wide) in paragraph at lines 18--19
[][]\OT1/cmr/m/n/10 The bound-ed-ness of $\OML/cmm/m/it/10 f []$ \OT1/cmr/m/n/1
0 and $\OML/cmm/m/it/10 f []$ \OT1/cmr/m/n/10 gives us that $\OML/cmm/m/it/10 f
 []$
 []

! Undefined control sequence.
l.68 ...a_2,...\}$. Let $\alpha=lim_{n\rightarrows
                                                   \infty} \{a_1,a_2,...\}$,...
The control sequence at the end of the top line
of your error message was never \def'ed. If you have
misspelled it (e.g., `\hobx'), type `I' and the correct
spelling (e.g., `I\hbox'). Otherwise just continue,
and I'll forget about whatever was undefined.

[1

] [2] [3] (pseudocptXtau.aux) ) 
Here is how much of TeX's memory you used:
 220 strings out of 95420
 2240 string characters out of 1187324
 51046 words of memory out of 1049626
 3441 multiletter control sequences out of 60000
 4116 words of font info for 16 fonts, out of 1000000 for 2000
 14 hyphenation exceptions out of 8191
 23i,8n,17p,750b,107s stack positions out of 5000i,500n,10000p,200000b,32768s

Output written on pseudocptXtau.dvi (3 pages, 13336 bytes).
