This is pdfeTeX, Version 3.141592-1.30.6-2.2 (MiKTeX 2.5) (preloaded format=latex 2006.10.7)  17 APR 2007 09:58
entering extended mode
**D_alpha.tex
(D_alpha.tex
LaTeX2e <2005/12/01>
Babel <v3.8g> and hyphenation patterns for english, dumylang, nohyphenation, ge
rman, ngerman, french, loaded.
("C:\Program Files\MiKTeX 2.5\tex\latex\base\article.cls"
Document Class: article 2005/09/16 v1.4f Standard LaTeX document class
("C:\Program Files\MiKTeX 2.5\tex\latex\base\size10.clo"
File: size10.clo 2005/09/16 v1.4f Standard LaTeX file (size option)
)
\c@part=\count79
\c@section=\count80
\c@subsection=\count81
\c@subsubsection=\count82
\c@paragraph=\count83
\c@subparagraph=\count84
\c@figure=\count85
\c@table=\count86
\abovecaptionskip=\skip41
\belowcaptionskip=\skip42
\bibindent=\dimen102
) (D_alpha.aux)
LaTeX Font Info:    Checking defaults for OML/cmm/m/it on input line 2.
LaTeX Font Info:    ... okay on input line 2.
LaTeX Font Info:    Checking defaults for T1/cmr/m/n on input line 2.
LaTeX Font Info:    ... okay on input line 2.
LaTeX Font Info:    Checking defaults for OT1/cmr/m/n on input line 2.
LaTeX Font Info:    ... okay on input line 2.
LaTeX Font Info:    Checking defaults for OMS/cmsy/m/n on input line 2.
LaTeX Font Info:    ... okay on input line 2.
LaTeX Font Info:    Checking defaults for OMX/cmex/m/n on input line 2.
LaTeX Font Info:    ... okay on input line 2.
LaTeX Font Info:    Checking defaults for U/cmr/m/n on input line 2.
LaTeX Font Info:    ... okay on input line 2.
LaTeX Font Info:    External font `cmex10' loaded for size
(Font)              <7> on input line 4.
LaTeX Font Info:    External font `cmex10' loaded for size
(Font)              <5> on input line 4.

Overfull \hbox (10.97072pt too wide) in paragraph at lines 31--33
\OT1/cmtt/m/n/10 Proof- Each $\OML/cmm/m/it/10 D[]$ \OT1/cmtt/m/n/10 is non-emp
ty because if $\OML/cmm/m/it/10 D[] \OT1/cmr/m/n/10 = \OMS/cmsy/m/n/10 ;$ \OT1/
cmtt/m/n/10 for some $\OML/cmm/m/it/10 $\OT1/cmtt/m/n/10 , then
 []


Overfull \hbox (24.72507pt too wide) in paragraph at lines 31--33
\OT1/cmtt/m/n/10 than its Lindeloff number, we have a contradiction. $\OML/cmm/
m/it/10 D[]$ \OT1/cmtt/m/n/10 is closed
 []


Overfull \hbox (16.18361pt too wide) in paragraph at lines 34--37
\OT1/cmtt/m/n/10 replace $\OML/cmm/m/it/10 D[]$ \OT1/cmtt/m/n/10 with the set $
[] []$ is closed in $\OML/cmm/m/it/10 A$\OT1/cmtt/m/n/10 . This new
 []

[1

] (D_alpha.aux) ) 
Here is how much of TeX's memory you used:
 220 strings out of 95420
 2156 string characters out of 1187324
 50022 words of memory out of 1049626
 3441 multiletter control sequences out of 60000
 4116 words of font info for 16 fonts, out of 1000000 for 2000
 14 hyphenation exceptions out of 8191
 23i,4n,17p,518b,117s stack positions out of 5000i,500n,10000p,200000b,32768s

Output written on D_alpha.dvi (1 page, 4820 bytes).
