This is pdfeTeX, Version 3.141592-1.21a-2.2 (Web2C 7.5.4) (format=pdflatex 2014.4.7)  29 JUL 2014 03:37
entering extended mode
**topology.tex
(./topology.tex
LaTeX2e <2003/12/01>
Babel <v3.8d> and hyphenation patterns for american, french, german, ngerman, b
ahasa, basque, bulgarian, catalan, croatian, czech, danish, dutch, esperanto, e
stonian, finnish, greek, icelandic, irish, italian, latin, magyar, norsk, polis
h, portuges, romanian, russian, serbian, slovak, slovene, spanish, swedish, tur
kish, ukrainian, nohyphenation, loaded.
(/usr/local/share/texmf-dist/tex/latex/base/article.cls
Document Class: article 2004/02/16 v1.4f Standard LaTeX document class
(/usr/local/share/texmf-dist/tex/latex/base/size10.clo
File: size10.clo 2004/02/16 v1.4f Standard LaTeX file (size option)
)
\c@part=\count79
\c@section=\count80
\c@subsection=\count81
\c@subsubsection=\count82
\c@paragraph=\count83
\c@subparagraph=\count84
\c@figure=\count85
\c@table=\count86
\abovecaptionskip=\skip41
\belowcaptionskip=\skip42
\bibindent=\dimen102
)
(/usr/local/share/texmf-dist/tex/latex/graphics/graphicx.sty
Package: graphicx 1999/02/16 v1.0f Enhanced LaTeX Graphics (DPC,SPQR)

(/usr/local/share/texmf-dist/tex/latex/graphics/keyval.sty
Package: keyval 1999/03/16 v1.13 key=value parser (DPC)
\KV@toks@=\toks14
)
(/usr/local/share/texmf-dist/tex/latex/graphics/graphics.sty
Package: graphics 2001/07/07 v1.0n Standard LaTeX Graphics (DPC,SPQR)

(/usr/local/share/texmf-dist/tex/latex/graphics/trig.sty
Package: trig 1999/03/16 v1.09 sin cos tan (DPC)
)
(/usr/local/share/texmf-dist/tex/latex/graphics/graphics.cfg
File: graphics.cfg 2005/02/03 v1.3 graphics configuration of teTeX/TeXLive
)
Package graphics Info: Driver file: pdftex.def on input line 80.

(/usr/local/share/texmf-dist/tex/latex/graphics/pdftex.def
File: pdftex.def 2002/06/19 v0.03k graphics/color for pdftex
\Gread@gobject=\count87
))
\Gin@req@height=\dimen103
\Gin@req@width=\dimen104
)
(/usr/local/share/texmf-dist/tex/latex/amsmath/amsmath.sty
Package: amsmath 2000/07/18 v2.13 AMS math features
\@mathmargin=\skip43

For additional information on amsmath, use the `?' option.
(/usr/local/share/texmf-dist/tex/latex/amsmath/amstext.sty
Package: amstext 2000/06/29 v2.01

(/usr/local/share/texmf-dist/tex/latex/amsmath/amsgen.sty
File: amsgen.sty 1999/11/30 v2.0
\@emptytoks=\toks15
\ex@=\dimen105
))
(/usr/local/share/texmf-dist/tex/latex/amsmath/amsbsy.sty
Package: amsbsy 1999/11/29 v1.2d
\pmbraise@=\dimen106
)
(/usr/local/share/texmf-dist/tex/latex/amsmath/amsopn.sty
Package: amsopn 1999/12/14 v2.01 operator names
)
\inf@bad=\count88
LaTeX Info: Redefining \frac on input line 211.
\uproot@=\count89
\leftroot@=\count90
LaTeX Info: Redefining \overline on input line 307.
\classnum@=\count91
\DOTSCASE@=\count92
LaTeX Info: Redefining \ldots on input line 379.
LaTeX Info: Redefining \dots on input line 382.
LaTeX Info: Redefining \cdots on input line 467.
\Mathstrutbox@=\box26
\strutbox@=\box27
\big@size=\dimen107
LaTeX Font Info:    Redeclaring font encoding OML on input line 567.
LaTeX Font Info:    Redeclaring font encoding OMS on input line 568.
\macc@depth=\count93
\c@MaxMatrixCols=\count94
\dotsspace@=\muskip10
\c@parentequation=\count95
\dspbrk@lvl=\count96
\tag@help=\toks16
\row@=\count97
\column@=\count98
\maxfields@=\count99
\andhelp@=\toks17
\eqnshift@=\dimen108
\alignsep@=\dimen109
\tagshift@=\dimen110
\tagwidth@=\dimen111
\totwidth@=\dimen112
\lineht@=\dimen113
\@envbody=\toks18
\multlinegap=\skip44
\multlinetaggap=\skip45
\mathdisplay@stack=\toks19
LaTeX Info: Redefining \[ on input line 2666.
LaTeX Info: Redefining \] on input line 2667.
)
(/usr/local/share/texmf-dist/tex/latex/amscls/amsthm.sty
Package: amsthm 2004/08/06 v2.20
\thm@style=\toks20
\thm@bodyfont=\toks21
\thm@headfont=\toks22
\thm@notefont=\toks23
\thm@headpunct=\toks24
\thm@preskip=\skip46
\thm@postskip=\skip47
\thm@headsep=\skip48
\dth@everypar=\toks25
)
(/usr/local/share/texmf-dist/tex/latex/amsfonts/amssymb.sty
Package: amssymb 2009/06/22 v3.00

(/usr/local/share/texmf-dist/tex/latex/amsfonts/amsfonts.sty
Package: amsfonts 2009/06/22 v3.00 Basic AMSFonts support
\symAMSa=\mathgroup4
\symAMSb=\mathgroup5
LaTeX Font Info:    Overwriting math alphabet `\mathfrak' in version `bold'
(Font)                  U/euf/m/n --> U/euf/b/n on input line 96.
)) (./topology.aux)
\openout1 = `topology.aux'.

LaTeX Font Info:    Checking defaults for OML/cmm/m/it on input line 6.
LaTeX Font Info:    ... okay on input line 6.
LaTeX Font Info:    Checking defaults for T1/cmr/m/n on input line 6.
LaTeX Font Info:    ... okay on input line 6.
LaTeX Font Info:    Checking defaults for OT1/cmr/m/n on input line 6.
LaTeX Font Info:    ... okay on input line 6.
LaTeX Font Info:    Checking defaults for OMS/cmsy/m/n on input line 6.
LaTeX Font Info:    ... okay on input line 6.
LaTeX Font Info:    Checking defaults for OMX/cmex/m/n on input line 6.
LaTeX Font Info:    ... okay on input line 6.
LaTeX Font Info:    Checking defaults for U/cmr/m/n on input line 6.
LaTeX Font Info:    ... okay on input line 6.
(/usr/local/share/texmf-dist/tex/context/base/supp-pdf.tex
(/usr/local/share/texmf-dist/tex/context/base/supp-mis.tex
loading : Context Support Macros / Miscellaneous (2004.10.26)
\protectiondepth=\count100
\scratchcounter=\count101
\scratchtoks=\toks26
\scratchdimen=\dimen114
\scratchskip=\skip49
\scratchmuskip=\muskip11
\scratchbox=\box28
\scratchread=\read1
\scratchwrite=\write3
\zeropoint=\dimen115
\onepoint=\dimen116
\onebasepoint=\dimen117
\minusone=\count102
\thousandpoint=\dimen118
\onerealpoint=\dimen119
\emptytoks=\toks27
\nextbox=\box29
\nextdepth=\dimen120
\everyline=\toks28
\!!counta=\count103
\!!countb=\count104
\recursecounter=\count105
)
loading : Context Support Macros / PDF (2004.03.26)
\nofMPsegments=\count106
\nofMParguments=\count107
\MPscratchCnt=\count108
\MPscratchDim=\dimen121
\MPnumerator=\count109
\everyMPtoPDFconversion=\toks29
) <KUSealGS.jpg, id=1, 202.7575pt x 202.7575pt>
File: KUSealGS.jpg Graphic file (type jpg)
 <use KUSealGS.jpg> [1

{/usr/local/share/texmf-var/fonts/map/pdftex/updmap/pdftex.map} <./KUSealGS.jpg
>]
(./topology.toc
LaTeX Font Info:    Try loading font information for U+msa on input line 2.
 (/usr/local/share/texmf-dist/tex/latex/amsfonts/umsa.fd
File: umsa.fd 2009/06/22 v3.00 AMS symbols A
)
LaTeX Font Info:    Try loading font information for U+msb on input line 2.

(/usr/local/share/texmf-dist/tex/latex/amsfonts/umsb.fd
File: umsb.fd 2009/06/22 v3.00 AMS symbols B
))
\tf@toc=\write4
\openout4 = `topology.toc'.

 [1] [2] [3]
Overfull \hbox (20.12642pt too wide) in paragraph at lines 115--116
[]\OT1/cmr/m/n/10 Since $\OML/cmm/m/it/10 x [] []$ \OT1/cmr/m/n/10 for each $\O
ML/cmm/m/it/10 y \OMS/cmsy/m/n/10 2 \OML/cmm/m/it/10 A$ \OT1/cmr/m/n/10 and $[]
 \OMS/cmsy/m/n/10 ^^R []$ \OT1/cmr/m/n/10 for each $\OML/cmm/m/it/10 T \OMS/cms
y/m/n/10 2 [] \OML/cmm/m/it/10 ; x []
 []

[4] [5] [6]
LaTeX Font Info:    Try loading font information for OMS+cmr on input line 267.

 (/usr/local/share/texmf-dist/tex/latex/base/omscmr.fd
File: omscmr.fd 1999/05/25 v2.5h Standard LaTeX font definitions
)
LaTeX Font Info:    Font shape `OMS/cmr/m/n' in size <10> not available
(Font)              Font shape `OMS/cmsy/m/n' tried instead on input line 267.
 [7] [8]
[9] [10] [11] [12] [13]
Underfull \hbox (badness 10000) in paragraph at lines 681--682

 []


Underfull \hbox (badness 10000) in paragraph at lines 685--686

 []

[14] [15] [16] [17]
LaTeX Font Info:    Font shape `OT1/cmtt/bx/n' in size <10> not available
(Font)              Font shape `OT1/cmtt/m/n' tried instead on input line 836.
 [18]
Overfull \hbox (48.68745pt too wide) in paragraph at lines 909--911
\OT1/cmtt/m/n/10 Proof- \OT1/cmr/m/n/10 Each $\OML/cmm/m/it/10 D[]$ \OT1/cmr/m/
n/10 is nonempty be-cause if $\OML/cmm/m/it/10 D[] \OT1/cmr/m/n/10 = \OMS/cmsy/
m/n/10 ;$ \OT1/cmr/m/n/10 for some $\OML/cmm/m/it/10 $\OT1/cmr/m/n/10 , then $
\OML/cmm/m/it/10 E\OMS/cmsy/m/n/10 n [] [] \OT1/cmr/m/n/10 =$
 []

[19] [20] [21]
Underfull \hbox (badness 10000) in paragraph at lines 1001--1006

 []

[22] [23]
Underfull \hbox (badness 10000) in paragraph at lines 1053--1054

 []


Underfull \hbox (badness 10000) in paragraph at lines 1055--1056

 []


Underfull \hbox (badness 10000) in paragraph at lines 1057--1061

 []


Underfull \hbox (badness 10000) in paragraph at lines 1070--1071

 []


Underfull \hbox (badness 10000) in paragraph at lines 1074--1078

 []

[24]
Underfull \hbox (badness 10000) in paragraph at lines 1079--1080

 []


Underfull \hbox (badness 10000) in paragraph at lines 1090--1091

 []


Underfull \hbox (badness 10000) in paragraph at lines 1092--1094

 []


Underfull \hbox (badness 10000) in paragraph at lines 1095--1097

 []


Underfull \hbox (badness 10000) in paragraph at lines 1099--1101

 []

[25]
Underfull \hbox (badness 10000) in paragraph at lines 1137--1140

 []


Underfull \hbox (badness 10000) in paragraph at lines 1146--1147

 []


Overfull \hbox (10.72615pt too wide) in paragraph at lines 1154--1155
[]\OT1/cmr/m/n/10 where the last equal-ity holds be-cause for each $\OML/cmm/m/
it/10 y \OMS/cmsy/m/n/10 2 \OML/cmm/m/it/10 C[]$\OT1/cmr/m/n/10 , $[] [] = \OMS
/cmsy/m/n/10 f\OML/cmm/m/it/10 f\OT1/cmr/m/n/10 (\OML/cmm/m/it/10 x[]; []\OT1/
cmr/m/n/10 )\OMS/cmsy/m/n/10 g$
 []

[26]
Underfull \hbox (badness 10000) in paragraph at lines 1168--1169

 []


Overfull \hbox (5.21121pt too wide) in paragraph at lines 1170--1172
[]\OT1/cmr/m/n/10 However, since $\OML/cmm/m/it/10 x \OMS/cmsy/m/n/10 2 \OML/cm
m/m/it/10 X$\OT1/cmr/m/n/10 , $[] = [] = [] =
 []

[27]
Overfull \hbox (11.78783pt too wide) in paragraph at lines 1201--1204
\OT1/cmr/m/n/10 Let $\OML/cmm/m/it/10 [] \OT1/cmr/m/n/10 = [] []$.
 []


Overfull \hbox (0.85504pt too wide) in paragraph at lines 1206--1207
[]\OT1/cmr/m/n/10 Let $\OML/cmm/m/it/10 [] \OT1/cmr/m/n/10 = [] [] \OML/cmm/m/
it/10 :$ \OT1/cmr/m/n/10 Such $\OML/cmm/m/it/10 []$ \OT1/cmr/m/n/10 ex-ists be
-cause $[] \OML/cmm/m/it/10 < cf\OT1/cmr/m/n/10 (\OMS/cmsy/m/n/10 j\OML/cmm/m/i
t/10 ^^LX\OMS/cmsy/m/n/10 j[]\OT1/cmr/m/n/10 )\OML/cmm/m/it/10 :$
 []

[28]
Overfull \hbox (2.47227pt too wide) in paragraph at lines 1251--1252
[]\OT1/cmr/m/n/10 For $\OML/cmm/m/it/10  > ^^L; D[] \OMS/cmsy/m/n/10 ^^R \OML/
cmm/m/it/10 D[];$ \OT1/cmr/m/n/10 and if $\OML/cmm/m/it/10 ^^L$ \OT1/cmr/m/n/10
 is a limit or-di-nal, then $\OML/cmm/m/it/10 D[] \OT1/cmr/m/n/10 = [] []$. 
 []

[29]
Overfull \hbox (13.7485pt too wide) in paragraph at lines 1277--1279
\OT1/cmtt/m/n/10 Proof- \OT1/cmr/m/n/10 If $\OML/cmm/m/it/10  > ^^L; D[] \OMS/
cmsy/m/n/10 ^^R \OML/cmm/m/it/10 D[]$ \OT1/cmr/m/n/10 holds by con-di-tion 2. A
s $\OML/cmm/m/it/10 f[] [] \OMS/cmsy/m/n/10 ^^Z \OML/cmm/m/it/10 f[] [] ; A[] \
OMS/cmsy/m/n/10 ^^B
 []


Overfull \hbox (26.05298pt too wide) in paragraph at lines 1285--1287
[] [] \OT1/cmr/m/n/10 = [] [] = [] [] \OMS/cmsy/m/n/10 ^^R
 []


Overfull \hbox (20.6953pt too wide) in paragraph at lines 1285--1287
[][]\OML/cmm/m/it/10 ;$ $[]\OT1/cmr/m/n/10 (\OML/cmm/m/it/10 x; ^^U\OT1/cmr/m/n
/10 ) \OMS/cmsy/m/n/10 2 [] [] \OML/cmm/m/it/10 :$ \OT1/cmr/m/n/10 There-fore, 
$[](\OML/cmm/m/it/10 x; ^^U\OT1/cmr/m/n/10 ) \OMS/cmsy/m/n/10 2 [][] \ [] [] \O
ML/cmm/m/it/10 :$
 []


Overfull \hbox (14.08325pt too wide) in paragraph at lines 1291--1295
[] [] \OT1/cmr/m/n/10 = [] [] \OMS/cmsy/m/n/10 ^^R [][][] 
 []

[30]
Overfull \hbox (8.4535pt too wide) in paragraph at lines 1300--1302
[][]\OMS/cmsy/m/n/10 n\OML/cmm/m/it/10 f []$ \OT1/cmr/m/n/10 holds. By con-di-t
ion 8, $[][] \OMS/cmsy/m/n/10 \ [][] \OT1/cmr/m/n/10 = \OMS/cmsy/m/n/10 ;\OML/c
mm/m/it/10 ; []x []
 []


Overfull \hbox (21.72757pt too wide) in paragraph at lines 1319--1320
\OT1/cmr/m/n/10 (\OML/cmm/m/it/10 x; ^^M[]\OT1/cmr/m/n/10 ) \OMS/cmsy/m/n/10 2 
[][] \ [][] \OT1/cmr/m/n/10 = [][] \OMS/cmsy/m/n/10 \ [][]\OML/cmm/m/it/10 :$
 []

[31]
Overfull \hbox (32.76385pt too wide) in paragraph at lines 1328--1330
[]\OT1/cmr/m/n/10 If $\OML/cmm/m/it/10 $ \OT1/cmr/m/n/10 is iso-lated, since $
(\OML/cmm/m/it/10 x; ^^M[]\OT1/cmr/m/n/10 ) \OMS/cmsy/m/n/10 2 [][]\OML/cmm/m/i
t/10 ; \OT1/cmr/m/n/10 (\OML/cmm/m/it/10 x; ^^M[]\OT1/cmr/m/n/10 ) \OMS/cmsy/m/
n/10 2 [][]\OML/cmm/m/it/10 :$
 []

[32] [33] (./topology.aux) ) 
Here is how much of TeX's memory you used:
 1865 strings out of 94500
 21892 string characters out of 1174974
 76571 words of memory out of 1000000
 5037 multiletter control sequences out of 10000+100000
 8596 words of font info for 33 fonts, out of 500000 for 2000
 580 hyphenation exceptions out of 1000
 27i,8n,24p,1259b,201s stack positions out of 5000i,2500n,5000p,300000b,25000s
PDF statistics:
 163 PDF objects out of 300000
 0 named destinations out of 131072
 6 words of extra memory for PDF output out of 65536
</usr/local/share/texmf-dist/fonts/type1/public/ams
fonts/cm/cmtt10.pfb></usr/local/share/texmf-dist/fonts/type1/public/amsfonts/cm
/cmti10.pfb></usr/local/share/texmf-dist/fonts/type1/public/amsfonts/symbols/ms
bm7.pfb></usr/local/share/texmf-dist/fonts/type1/public/amsfonts/cm/cmsy5.pfb><
/usr/local/share/texmf-dist/fonts/type1/public/amsfonts/cm/cmsy7.pfb></usr/loca
l/share/texmf-dist/fonts/type1/public/amsfonts/symbols/msbm10.pfb></usr/local/s
hare/texmf-dist/fonts/type1/public/amsfonts/cm/cmex10.pfb></usr/local/share/tex
mf-dist/fonts/type1/public/amsfonts/cm/cmmi5.pfb></usr/local/share/texmf-dist/f
onts/type1/public/amsfonts/cm/cmr5.pfb></usr/local/share/texmf-dist/fonts/type1
/public/amsfonts/cm/cmmi7.pfb></usr/local/share/texmf-dist/fonts/type1/public/a
msfonts/cm/cmr7.pfb></usr/local/share/texmf-dist/fonts/type1/public/amsfonts/cm
/cmsy10.pfb></usr/local/share/texmf-dist/fonts/type1/public/amsfonts/cm/cmmi10.
pfb></usr/local/share/texmf-dist/fonts/type1/public/amsfonts/cm/cmr10.pfb></usr
/local/share/texmf-dist/fonts/type1/public/amsfonts/cm/cmbx10.pfb></usr/local/s
hare/texmf-dist/fonts/type1/public/amsfonts/cm/cmr12.pfb></usr/local/share/texm
f-dist/fonts/type1/public/amsfonts/cm/cmr17.pfb></usr/local/share/texmf-dist/fo
nts/type1/public/amsfonts/cm/cmbx12.pfb>
Output written on topology.pdf (34 pages, 386343 bytes).
