This is pdfeTeX, Version 3.141592-1.30.6-2.2 (MiKTeX 2.5) (preloaded format=latex 2006.10.7)  29 APR 2007 23:50
entering extended mode
**Lemma4.tex
(Lemma4.tex
LaTeX2e <2005/12/01>
Babel <v3.8g> and hyphenation patterns for english, dumylang, nohyphenation, ge
rman, ngerman, french, loaded.
("C:\Program Files\MiKTeX 2.5\tex\latex\base\article.cls"
Document Class: article 2005/09/16 v1.4f Standard LaTeX document class
("C:\Program Files\MiKTeX 2.5\tex\latex\base\size10.clo"
File: size10.clo 2005/09/16 v1.4f Standard LaTeX file (size option)
)
\c@part=\count79
\c@section=\count80
\c@subsection=\count81
\c@subsubsection=\count82
\c@paragraph=\count83
\c@subparagraph=\count84
\c@figure=\count85
\c@table=\count86
\abovecaptionskip=\skip41
\belowcaptionskip=\skip42
\bibindent=\dimen102
) (Lemma4.aux)
LaTeX Font Info:    Checking defaults for OML/cmm/m/it on input line 2.
LaTeX Font Info:    ... okay on input line 2.
LaTeX Font Info:    Checking defaults for T1/cmr/m/n on input line 2.
LaTeX Font Info:    ... okay on input line 2.
LaTeX Font Info:    Checking defaults for OT1/cmr/m/n on input line 2.
LaTeX Font Info:    ... okay on input line 2.
LaTeX Font Info:    Checking defaults for OMS/cmsy/m/n on input line 2.
LaTeX Font Info:    ... okay on input line 2.
LaTeX Font Info:    Checking defaults for OMX/cmex/m/n on input line 2.
LaTeX Font Info:    ... okay on input line 2.
LaTeX Font Info:    Checking defaults for U/cmr/m/n on input line 2.
LaTeX Font Info:    ... okay on input line 2.
LaTeX Font Info:    External font `cmex10' loaded for size
(Font)              <7> on input line 3.
LaTeX Font Info:    External font `cmex10' loaded for size
(Font)              <5> on input line 3.

Underfull \hbox (badness 10000) in paragraph at lines 36--37

 []


Underfull \hbox (badness 10000) in paragraph at lines 43--44

 []

[1

]
Overfull \hbox (10.72615pt too wide) in paragraph at lines 51--52
[][]\OT1/cmr/m/n/10 where the last equal-ity holds be-cause for each $\OML/cmm/
m/it/10 y \OMS/cmsy/m/n/10 2 \OML/cmm/m/it/10 C[]$\OT1/cmr/m/n/10 , $[] [] = \O
MS/cmsy/m/n/10 f\OML/cmm/m/it/10 f\OT1/cmr/m/n/10 (\OML/cmm/m/it/10 x[]; []\OT
1/cmr/m/n/10 )\OMS/cmsy/m/n/10 g$
 []


Overfull \hbox (33.72337pt too wide) in paragraph at lines 68--69
[][]\OT1/cmr/m/n/10 Since $\OML/cmm/m/it/10 x \OMS/cmsy/m/n/10 2 [][]\OML/cmm/m
/it/10 ;$ \OT1/cmr/m/n/10 by the same rea-son-ing as in above, we must have $[]
 \OML/cmm/m/it/10 <
 []


Underfull \hbox (badness 10000) in paragraph at lines 68--69

 []


Overfull \hbox (5.21121pt too wide) in paragraph at lines 70--72
[][]\OT1/cmr/m/n/10 However, since $\OML/cmm/m/it/10 x \OMS/cmsy/m/n/10 2 \OML/
cmm/m/it/10 X$\OT1/cmr/m/n/10 , $[] = [] = [] =
 []

[2] (Lemma4.aux) ) 
Here is how much of TeX's memory you used:
 218 strings out of 95420
 2121 string characters out of 1187324
 52070 words of memory out of 1049626
 3440 multiletter control sequences out of 60000
 3948 words of font info for 15 fonts, out of 1000000 for 2000
 14 hyphenation exceptions out of 8191
 23i,5n,17p,613b,107s stack positions out of 5000i,500n,10000p,200000b,32768s

Output written on Lemma4.dvi (2 pages, 10812 bytes).
