This is pdfTeXk, Version 3.141592-1.40.3 (Web2C 7.5.6) (format=pdflatex 2007.2.11)  27 APR 2007 10:45
entering extended mode
\write18 enabled.
 %&-line parsing enabled.
**"friday's presentation.tex"
(./friday's presentation.tex
LaTeX2e <2005/12/01>
Babel <v3.8h> and hyphenation patterns for english, usenglishmax, dumylang, noh
yphenation, arabic, basque, bulgarian, coptic, welsh, czech, slovak, german, ng
erman, danish, esperanto, spanish, catalan, galician, estonian, farsi, finnish,
 french, greek, monogreek, ancientgreek, croatian, hungarian, interlingua, ibyc
us, indonesian, icelandic, italian, latin, mongolian, dutch, norsk, polish, por
tuguese, pinyin, romanian, russian, slovenian, uppersorbian, serbian, swedish, 
turkish, ukenglish, ukrainian, loaded.
(/usr/local/texlive/2007/texmf-dist/tex/latex/base/article.cls
Document Class: article 2005/09/16 v1.4f Standard LaTeX document class
(/usr/local/texlive/2007/texmf-dist/tex/latex/base/size10.clo
File: size10.clo 2005/09/16 v1.4f Standard LaTeX file (size option)
)
\c@part=\count79
\c@section=\count80
\c@subsection=\count81
\c@subsubsection=\count82
\c@paragraph=\count83
\c@subparagraph=\count84
\c@figure=\count85
\c@table=\count86
\abovecaptionskip=\skip41
\belowcaptionskip=\skip42
\bibindent=\dimen102
)
(/usr/local/texlive/2007/texmf-dist/tex/latex/amsfonts/amssymb.sty
Package: amssymb 2002/01/22 v2.2d

(/usr/local/texlive/2007/texmf-dist/tex/latex/amsfonts/amsfonts.sty
Package: amsfonts 2001/10/25 v2.2f
\@emptytoks=\toks14
\symAMSa=\mathgroup4
\symAMSb=\mathgroup5
LaTeX Font Info:    Overwriting math alphabet `\mathfrak' in version `bold'
(Font)                  U/euf/m/n --> U/euf/b/n on input line 132.
))
(/usr/local/texlive/2007/texmf-dist/tex/latex/base/latexsym.sty
Package: latexsym 1998/08/17 v2.2e Standard LaTeX package (lasy symbols)
\symlasy=\mathgroup6
LaTeX Font Info:    Overwriting symbol font `lasy' in version `bold'
(Font)                  U/lasy/m/n --> U/lasy/b/n on input line 47.
)
(./friday's presentation.aux)
\openout1 = `"friday's presentation.aux"'.

LaTeX Font Info:    Checking defaults for OML/cmm/m/it on input line 3.
LaTeX Font Info:    ... okay on input line 3.
LaTeX Font Info:    Checking defaults for T1/cmr/m/n on input line 3.
LaTeX Font Info:    ... okay on input line 3.
LaTeX Font Info:    Checking defaults for OT1/cmr/m/n on input line 3.
LaTeX Font Info:    ... okay on input line 3.
LaTeX Font Info:    Checking defaults for OMS/cmsy/m/n on input line 3.
LaTeX Font Info:    ... okay on input line 3.
LaTeX Font Info:    Checking defaults for OMX/cmex/m/n on input line 3.
LaTeX Font Info:    ... okay on input line 3.
LaTeX Font Info:    Checking defaults for U/cmr/m/n on input line 3.
LaTeX Font Info:    ... okay on input line 3.
LaTeX Font Info:    Try loading font information for U+msa on input line 14.

(/usr/local/texlive/2007/texmf-dist/tex/latex/amsfonts/umsa.fd
File: umsa.fd 2002/01/19 v2.2g AMS font definitions
)
LaTeX Font Info:    Try loading font information for U+msb on input line 14.

(/usr/local/texlive/2007/texmf-dist/tex/latex/amsfonts/umsb.fd
File: umsb.fd 2002/01/19 v2.2g AMS font definitions
)
LaTeX Font Info:    Try loading font information for U+lasy on input line 14.

(/usr/local/texlive/2007/texmf-dist/tex/latex/base/ulasy.fd
File: ulasy.fd 1998/08/17 v2.2e LaTeX symbol font definitions
) [1

{/usr/local/texlive/2007/texmf-var/fonts/map/pdftex/updmap/pdftex.map}] [2]
(./friday's presentation.aux) ) 
Here is how much of TeX's memory you used:
 518 strings out of 94073
 6191 string characters out of 1162984
 53804 words of memory out of 1500000
 3858 multiletter control sequences out of 10000+50000
 5965 words of font info for 26 fonts, out of 1200000 for 2000
 645 hyphenation exceptions out of 8191
 23i,4n,24p,600b,107s stack positions out of 5000i,500n,6000p,200000b,5000s
</usr/local/texlive/2007/texmf-dist/fonts/type1/
bluesky/cm/cmbx10.pfb></usr/local/texlive/2007/texmf-dist/fonts/type1/bluesky/c
m/cmex10.pfb></usr/local/texlive/2007/texmf-dist/fonts/type1/bluesky/cm/cmmi10.
pfb></usr/local/texlive/2007/texmf-dist/fonts/type1/bluesky/cm/cmmi7.pfb></usr/
local/texlive/2007/texmf-dist/fonts/type1/bluesky/cm/cmr10.pfb></usr/local/texl
ive/2007/texmf-dist/fonts/type1/bluesky/cm/cmr7.pfb></usr/local/texlive/2007/te
xmf-dist/fonts/type1/bluesky/cm/cmsy10.pfb></usr/local/texlive/2007/texmf-dist/
fonts/type1/bluesky/cm/cmsy7.pfb></usr/local/texlive/2007/texmf-dist/fonts/type
1/bluesky/ams/msbm10.pfb></usr/local/texlive/2007/texmf-dist/fonts/type1/bluesk
y/ams/msbm7.pfb>
Output written on "friday's presentation.pdf" (2 pages, 59991 bytes).
PDF statistics:
 49 PDF objects out of 1000 (max. 8388607)
 0 named destinations out of 1000 (max. 131072)
 1 words of extra memory for PDF output out of 10000 (max. 10000000)

